android/build/intermediates/manifest_merge_blame_file/release/manifest-merger-blame-release-report.txt
1<?xml version="1.0" encoding="utf-8"?>
2<manifest xmlns:android="http://schemas.android.com/apk/res/android"
3    package="com.shdwfghtr.explore"
4    android:versionCode="1"
5    android:versionName="1.0" >
6
7    <uses-sdk
8        android:minSdkVersion="16"
8-->Project Explore\android\AndroidManifest.xml
9        android:targetSdkVersion="30" />
9-->Project Explore\android\AndroidManifest.xml
10
11    <application
11-->Project Explore\android\AndroidManifest.xml:5:5-22:19
12        android:allowBackup="true"
12-->Project Explore\android\AndroidManifest.xml:6:9-35
13        android:appCategory="game"
13-->Project Explore\android\AndroidManifest.xml:9:9-35
14        android:icon="@drawable/ic_launcher"
14-->Project Explore\android\AndroidManifest.xml:7:9-45
15        android:isGame="true"
15-->Project Explore\android\AndroidManifest.xml:8:9-30
16        android:label="@string/app_name"
16-->Project Explore\android\AndroidManifest.xml:10:9-41
17        android:theme="@style/GdxTheme" >
17-->Project Explore\android\AndroidManifest.xml:11:9-40
18        <activity
18-->Project Explore\android\AndroidManifest.xml:12:9-21:20
19            android:name="com.shdwfghtr.explore.AndroidLauncher"
19-->Project Explore\android\AndroidManifest.xml:13:13-65
20            android:configChanges="keyboard|keyboardHidden|navigation|orientation|screenSize|screenLayout"
20-->Project Explore\android\AndroidManifest.xml:16:13-107
21            android:label="@string/app_name"
21-->Project Explore\android\AndroidManifest.xml:14:13-45
22            android:screenOrientation="landscape" >
22-->Project Explore\android\AndroidManifest.xml:15:13-50
23            <intent-filter>
23-->Project Explore\android\AndroidManifest.xml:17:13-20:29
24                <action android:name="android.intent.action.MAIN" />
24-->Project Explore\android\AndroidManifest.xml:18:17-69
24-->Project Explore\android\AndroidManifest.xml:18:25-66
25
26                <category android:name="android.intent.category.LAUNCHER" />
26-->Project Explore\android\AndroidManifest.xml:19:17-77
26-->Project Explore\android\AndroidManifest.xml:19:27-74
27            </intent-filter>
28        </activity>
29        <activity
29-->[com.google.android.gms:play-services-base:16.0.1] AndroidManifest.xml:23:9-26:75
30            android:name="com.google.android.gms.common.api.GoogleApiActivity"
30-->[com.google.android.gms:play-services-base:16.0.1] AndroidManifest.xml:24:13-79
31            android:exported="false"
31-->[com.google.android.gms:play-services-base:16.0.1] AndroidManifest.xml:25:13-37
32            android:theme="@android:style/Theme.Translucent.NoTitleBar" />
32-->[com.google.android.gms:play-services-base:16.0.1] AndroidManifest.xml:26:13-72
33
34        <meta-data
34-->[com.google.android.gms:play-services-basement:16.0.1] AndroidManifest.xml:23:9-25:69
35            android:name="com.google.android.gms.version"
35-->[com.google.android.gms:play-services-basement:16.0.1] AndroidManifest.xml:24:13-58
36            android:value="@integer/google_play_services_version" />
36-->[com.google.android.gms:play-services-basement:16.0.1] AndroidManifest.xml:25:13-66
37        <meta-data
37-->[com.android.support:support-v4:26.1.0] AndroidManifest.xml:26:9-28:38
38            android:name="android.support.VERSION"
38-->[com.android.support:support-v4:26.1.0] AndroidManifest.xml:27:13-51
39            android:value="26.1.0" />
39-->[com.android.support:support-v4:26.1.0] AndroidManifest.xml:28:13-35
40        <meta-data
40-->[android.arch.lifecycle:runtime:1.0.0] AndroidManifest.xml:25:9-27:47
41            android:name="android.arch.lifecycle.VERSION"
41-->[android.arch.lifecycle:runtime:1.0.0] AndroidManifest.xml:26:13-58
42            android:value="27.0.0-SNAPSHOT" />
42-->[android.arch.lifecycle:runtime:1.0.0] AndroidManifest.xml:27:13-44
43    </application>
44
45</manifest>